2022-01-18T05:40:31.321Z Error: Unexpected argument: subqlHelloWorld
2022-01-18T05:40:31.321Z See more help with --help
2022-01-18T05:40:31.321Z     at validateArgs (/usr/local/lib/node_modules/@subql/cli/node_modules/@oclif/parser/lib/validate.js:10:19)
2022-01-18T05:40:31.321Z     at Object.validate (/usr/local/lib/node_modules/@subql/cli/node_modules/@oclif/parser/lib/validate.js:79:5)
2022-01-18T05:40:31.321Z     at Object.parse (/usr/local/lib/node_modules/@subql/cli/node_modules/@oclif/parser/lib/index.js:28:7)
2022-01-18T05:40:31.321Z     at Init.parse (/usr/local/lib/node_modules/@subql/cli/node_modules/@oclif/command/lib/command.js:86:41)
2022-01-18T05:40:31.321Z     at Init.run (/usr/local/lib/node_modules/@subql/cli/lib/commands/init.js:50:38)
2022-01-18T05:40:31.321Z     at Init._run (/usr/local/lib/node_modules/@subql/cli/node_modules/@oclif/command/lib/command.js:43:31)
2022-01-18T08:43:52.703Z Error: Unexpected argument: subqlHelloWorld
2022-01-18T08:43:52.703Z See more help with --help
2022-01-18T08:43:52.703Z     at validateArgs (/usr/local/lib/node_modules/@subql/cli/node_modules/@oclif/parser/lib/validate.js:10:19)
2022-01-18T08:43:52.703Z     at Object.validate (/usr/local/lib/node_modules/@subql/cli/node_modules/@oclif/parser/lib/validate.js:79:5)
2022-01-18T08:43:52.703Z     at Object.parse (/usr/local/lib/node_modules/@subql/cli/node_modules/@oclif/parser/lib/index.js:28:7)
2022-01-18T08:43:52.703Z     at Init.parse (/usr/local/lib/node_modules/@subql/cli/node_modules/@oclif/command/lib/command.js:86:41)
2022-01-18T08:43:52.703Z     at Init.run (/usr/local/lib/node_modules/@subql/cli/lib/commands/init.js:52:38)
2022-01-18T08:43:52.703Z     at Init._run (/usr/local/lib/node_modules/@subql/cli/node_modules/@oclif/command/lib/command.js:43:31)
2022-01-18T08:46:13.907Z Error: Unexpected argument: subqlHelloWorld
2022-01-18T08:46:13.907Z See more help with --help
2022-01-18T08:46:13.907Z     at validateArgs (/usr/local/lib/node_modules/@subql/cli/node_modules/@oclif/parser/lib/validate.js:10:19)
2022-01-18T08:46:13.907Z     at Object.validate (/usr/local/lib/node_modules/@subql/cli/node_modules/@oclif/parser/lib/validate.js:79:5)
2022-01-18T08:46:13.907Z     at Object.parse (/usr/local/lib/node_modules/@subql/cli/node_modules/@oclif/parser/lib/index.js:28:7)
2022-01-18T08:46:13.907Z     at Init.parse (/usr/local/lib/node_modules/@subql/cli/node_modules/@oclif/command/lib/command.js:86:41)
2022-01-18T08:46:13.907Z     at Init.run (/usr/local/lib/node_modules/@subql/cli/lib/commands/init.js:52:38)
2022-01-18T08:46:13.907Z     at Init._run (/usr/local/lib/node_modules/@subql/cli/node_modules/@oclif/command/lib/command.js:43:31)
2022-01-18T08:57:25.012Z Error: Directory staking-rewards exists, try another project name
2022-01-18T08:57:25.012Z     at Init.run (/usr/local/lib/node_modules/@subql/cli/lib/commands/init.js:62:19)
2022-01-18T08:57:25.012Z     at async Init._run (/usr/local/lib/node_modules/@subql/cli/node_modules/@oclif/command/lib/command.js:43:20)
2022-01-18T08:57:25.012Z     at async Config.runCommand (/usr/local/lib/node_modules/@subql/cli/node_modules/@oclif/config/lib/config.js:173:24)
2022-01-18T08:57:25.012Z     at async Main.run (/usr/local/lib/node_modules/@subql/cli/node_modules/@oclif/command/lib/main.js:27:9)
2022-01-18T08:57:25.012Z     at async Main._run (/usr/local/lib/node_modules/@subql/cli/node_modules/@oclif/command/lib/command.js:43:20)
