0 verbose cli [ '/usr/local/bin/node', '/usr/local/bin/npm', '--version' ]
1 info using npm@8.3.0
2 info using node@v17.3.1
3 timing npm:load:whichnode Completed in 0ms
4 timing config:load:defaults Completed in 4ms
5 timing config:load:file:/usr/local/lib/node_modules/npm/npmrc Completed in 23ms
6 timing config:load:builtin Completed in 23ms
7 timing config:load:cli Completed in 5ms
8 timing config:load:env Completed in 1ms
9 timing config:load:project Completed in 38ms
10 timing config:load:file:/root/.npmrc Completed in 1ms
11 timing config:load:user Completed in 1ms
12 timing config:load:file:/usr/local/etc/npmrc Completed in 1ms
13 timing config:load:global Completed in 1ms
14 timing config:load:validate Completed in 0ms
15 timing config:load:credentials Completed in 7ms
16 timing config:load:setEnvs Completed in 2ms
17 timing config:load Completed in 84ms
18 timing npm:load:configload Completed in 84ms
19 timing npm:load:setTitle Completed in 5ms
20 timing config:load:flatten Completed in 17ms
21 timing npm:load:display Completed in 26ms
22 verbose logfile /root/.npm/_logs/2022-01-18T08_43_12_610Z-debug-0.log
23 timing npm:load:logFile Completed in 30ms
24 timing npm:load:timers Completed in 0ms
25 timing npm:load:configScope Completed in 0ms
26 timing npm:load Completed in 147ms
27 verbose exit 0
28 timing npm Completed in 548ms
29 info ok
