0 verbose cli [
0 verbose cli   '/usr/local/bin/node',
0 verbose cli   '/usr/local/bin/npm',
0 verbose cli   'install',
0 verbose cli   '-g',
0 verbose cli   'yarn'
0 verbose cli ]
1 info using npm@8.3.0
2 info using node@v17.3.1
3 timing npm:load:whichnode Completed in 0ms
4 timing config:load:defaults Completed in 5ms
5 timing config:load:file:/usr/local/lib/node_modules/npm/npmrc Completed in 25ms
6 timing config:load:builtin Completed in 26ms
7 timing config:load:cli Completed in 7ms
8 timing config:load:env Completed in 2ms
9 timing config:load:project Completed in 12ms
10 timing config:load:file:/root/.npmrc Completed in 0ms
11 timing config:load:user Completed in 0ms
12 timing config:load:file:/usr/local/etc/npmrc Completed in 0ms
13 timing config:load:global Completed in 1ms
14 timing config:load:validate Completed in 0ms
15 timing config:load:credentials Completed in 5ms
16 timing config:load:setEnvs Completed in 2ms
17 timing config:load Completed in 61ms
18 timing npm:load:configload Completed in 62ms
19 timing npm:load:setTitle Completed in 1ms
20 timing config:load:flatten Completed in 5ms
21 timing npm:load:display Completed in 9ms
22 verbose logfile /root/.npm/_logs/2022-01-18T08_40_19_445Z-debug-0.log
23 timing npm:load:logFile Completed in 12ms
24 timing npm:load:timers Completed in 0ms
25 timing npm:load:configScope Completed in 0ms
26 timing npm:load Completed in 86ms
27 timing arborist:ctor Completed in 1ms
28 timing idealTree:init Completed in 9ms
29 timing idealTree:userRequests Completed in 4ms
30 silly idealTree buildDeps
31 silly fetch manifest yarn@*
32 http fetch GET 200 https://registry.npmjs.org/yarn 287ms (cache revalidated)
33 silly placeDep ROOT yarn@1.22.17 OK for:  want: *
34 timing idealTree:#root Completed in 311ms
35 timing idealTree:node_modules/yarn Completed in 1ms
36 timing idealTree:buildDeps Completed in 313ms
37 timing idealTree:fixDepFlags Completed in 2ms
38 timing idealTree Completed in 331ms
39 timing reify:loadTrees Completed in 340ms
40 timing reify:diffTrees Completed in 3ms
41 silly reify mark retired [
41 silly reify   '/usr/local/lib/node_modules/yarn',
41 silly reify   '/usr/local/bin/yarn',
41 silly reify   '/usr/local/bin/yarnpkg'
41 silly reify ]
42 silly reify moves {
42 silly reify   '/usr/local/lib/node_modules/yarn': '/usr/local/lib/node_modules/.yarn-Jrexx8nI',
42 silly reify   '/usr/local/bin/yarn': '/usr/local/bin/.yarn-PedZXo5L',
42 silly reify   '/usr/local/bin/yarnpkg': '/usr/local/bin/.yarnpkg-cxSvgbtB'
42 silly reify }
43 timing reify:retireShallow Completed in 7ms
44 timing reify:createSparse Completed in 2ms
45 timing reify:loadBundles Completed in 0ms
46 silly audit bulk request { yarn: [ '1.22.17' ] }
47 http fetch POST 200 https://registry.npmjs.org/-/npm/v1/security/advisories/bulk 218ms
48 timing auditReport:getReport Completed in 219ms
49 silly audit report {}
50 timing auditReport:init Completed in 0ms
51 timing reify:audit Completed in 221ms
52 timing reifyNode:node_modules/yarn Completed in 238ms
53 timing reify:unpack Completed in 238ms
54 timing reify:unretire Completed in 0ms
55 timing build:queue Completed in 1ms
56 info run yarn@1.22.17 preinstall node_modules/yarn :; (node ./preinstall.js > /dev/null 2>&1 || true)
57 info run yarn@1.22.17 preinstall { code: 0, signal: null }
58 timing build:run:preinstall:node_modules/yarn Completed in 994ms
59 timing build:run:preinstall Completed in 995ms
60 timing build:link:node_modules/yarn Completed in 8ms
61 timing build:link Completed in 8ms
62 timing build:deps Completed in 1005ms
63 timing build Completed in 1005ms
64 timing reify:build Completed in 1006ms
65 timing reify:trash Completed in 10ms
66 timing reify Completed in 1637ms
67 silly CHANGE node_modules/yarn
68 timing command:install Completed in 1649ms
69 verbose exit 0
70 timing npm Completed in 2388ms
71 info ok
