0 verbose cli [ '/usr/local/bin/node', '/usr/local/bin/npm', 'install', '-g', 'n' ]
1 info using npm@8.3.0
2 info using node@v17.3.1
3 timing npm:load:whichnode Completed in 0ms
4 timing config:load:defaults Completed in 7ms
5 timing config:load:file:/usr/local/lib/node_modules/npm/npmrc Completed in 23ms
6 timing config:load:builtin Completed in 24ms
7 timing config:load:cli Completed in 16ms
8 timing config:load:env Completed in 0ms
9 timing config:load:project Completed in 16ms
10 timing config:load:file:/root/.npmrc Completed in 0ms
11 timing config:load:user Completed in 0ms
12 timing config:load:file:/usr/local/etc/npmrc Completed in 0ms
13 timing config:load:global Completed in 0ms
14 timing config:load:validate Completed in 1ms
15 timing config:load:credentials Completed in 3ms
16 timing config:load:setEnvs Completed in 2ms
17 timing config:load Completed in 73ms
18 timing npm:load:configload Completed in 73ms
19 timing npm:load:setTitle Completed in 1ms
20 timing config:load:flatten Completed in 8ms
21 timing npm:load:display Completed in 13ms
22 verbose logfile /root/.npm/_logs/2022-01-18T08_43_00_065Z-debug-0.log
23 timing npm:load:logFile Completed in 16ms
24 timing npm:load:timers Completed in 0ms
25 timing npm:load:configScope Completed in 0ms
26 timing npm:load Completed in 105ms
27 timing arborist:ctor Completed in 1ms
28 timing idealTree:init Completed in 16ms
29 timing idealTree:userRequests Completed in 5ms
30 silly idealTree buildDeps
31 silly fetch manifest n@*
32 http fetch GET 200 https://registry.npmjs.org/n 274ms (cache revalidated)
33 silly placeDep ROOT n@8.0.2 OK for:  want: *
34 timing idealTree:#root Completed in 298ms
35 timing idealTree:node_modules/n Completed in 0ms
36 timing idealTree:buildDeps Completed in 300ms
37 timing idealTree:fixDepFlags Completed in 1ms
38 timing idealTree Completed in 327ms
39 timing reify:loadTrees Completed in 340ms
40 timing reify:diffTrees Completed in 4ms
41 silly reify mark retired [ '/usr/local/lib/node_modules/n', '/usr/local/bin/n' ]
42 silly reify moves {
42 silly reify   '/usr/local/lib/node_modules/n': '/usr/local/lib/node_modules/.n-oBR4I52F',
42 silly reify   '/usr/local/bin/n': '/usr/local/bin/.n-V4z1q9jq'
42 silly reify }
43 timing reify:retireShallow Completed in 4ms
44 timing reify:createSparse Completed in 1ms
45 timing reify:loadBundles Completed in 0ms
46 silly audit bulk request { n: [ '8.0.2' ] }
47 timing reifyNode:node_modules/n Completed in 54ms
48 timing reify:unpack Completed in 55ms
49 timing reify:unretire Completed in 0ms
50 timing build:queue Completed in 2ms
51 timing build:link:node_modules/n Completed in 20ms
52 timing build:link Completed in 20ms
53 timing build:deps Completed in 22ms
54 timing build Completed in 22ms
55 timing reify:build Completed in 23ms
56 timing reify:trash Completed in 6ms
57 http fetch POST 200 https://registry.npmjs.org/-/npm/v1/security/advisories/bulk 251ms
58 timing auditReport:getReport Completed in 253ms
59 silly audit report {}
60 timing auditReport:init Completed in 0ms
61 timing reify:audit Completed in 254ms
62 timing reify Completed in 644ms
63 silly CHANGE node_modules/n
64 timing command:install Completed in 656ms
65 verbose exit 0
66 timing npm Completed in 1375ms
67 info ok
